<?xml version="1.0" encoding="UTF-8"?>
<robot generator="Robot 7.0 (Python 3.12.1 on win32)" generated="2024-03-07T15:38:05.446883" rpa="false" schemaversion="5">
<suite id="s1" name="Test" source="C:\Users\frederic.douet\IdeaProjects\untitled2\test.robot">
<test id="s1-t1" name="Example Test" line="13">
<kw name="Open Browser" owner="SeleniumLibrary">
<msg time="2024-03-07T15:38:05.555909" level="INFO">Opening browser 'Chrome' to base url 'http://automationexercise.com'.</msg>
<arg>${URL}</arg>
<arg>${Browser}</arg>
<arg>--disable-popup-blocking</arg>
<doc>Opens a new browser instance to the optional ``url``.</doc>
<status status="PASS" start="2024-03-07T15:38:05.555909" elapsed="4.303432"/>
</kw>
<kw name="Delete All Cookies" owner="SeleniumLibrary">
<doc>Deletes all cookies.</doc>
<status status="PASS" start="2024-03-07T15:38:09.861342" elapsed="0.056000"/>
</kw>
<kw name="Navigate To Page">
<kw name="Click Element" owner="SeleniumLibrary">
<msg time="2024-03-07T15:38:09.921347" level="INFO">Clicking element 'xpath=//a[contains(text(),'Products')]'.</msg>
<arg>xpath=//a[contains(text(),'Products')]</arg>
<doc>Click the element identified by ``locator``.</doc>
<status status="PASS" start="2024-03-07T15:38:09.920343" elapsed="3.057991"/>
</kw>
<status status="PASS" start="2024-03-07T15:38:09.919341" elapsed="3.060002"/>
</kw>
<kw name="Input Text To Search Field">
<kw name="Input Text" owner="SeleniumLibrary">
<msg time="2024-03-07T15:38:12.981350" level="INFO">Typing text 'men tshirt' into text field 'id=search_product'.</msg>
<arg>id=search_product</arg>
<arg>${text}</arg>
<doc>Types the given ``text`` into the text field identified by ``locator``.</doc>
<status status="PASS" start="2024-03-07T15:38:12.981350" elapsed="0.578495"/>
</kw>
<arg>men tshirt</arg>
<status status="PASS" start="2024-03-07T15:38:12.980336" elapsed="0.580511"/>
</kw>
<kw name="Click Search Button">
<kw name="Click Element" owner="SeleniumLibrary">
<msg time="2024-03-07T15:38:13.564852" level="INFO">Clicking element 'id=submit_search'.</msg>
<arg>id=submit_search</arg>
<doc>Click the element identified by ``locator``.</doc>
<status status="PASS" start="2024-03-07T15:38:13.563851" elapsed="2.071002"/>
</kw>
<status status="PASS" start="2024-03-07T15:38:13.562847" elapsed="2.073003"/>
</kw>
<kw name="Set Selenium Timeout" owner="SeleniumLibrary">
<arg>10s</arg>
<doc>Sets the timeout that is used by various keywords.</doc>
<status status="PASS" start="2024-03-07T15:38:15.636847" elapsed="0.003007"/>
</kw>
<kw name="Scroll Page Down">
<kw name="Execute Javascript" owner="SeleniumLibrary">
<msg time="2024-03-07T15:38:15.642852" level="INFO">Executing JavaScript:
window.scrollBy(0, 500)
Without any arguments.</msg>
<arg>window.scrollBy(0, 500)</arg>
<doc>Executes the given JavaScript code with possible arguments.</doc>
<status status="PASS" start="2024-03-07T15:38:15.641848" elapsed="0.026010"/>
</kw>
<status status="PASS" start="2024-03-07T15:38:15.640846" elapsed="0.027012"/>
</kw>
<kw name="Set Selenium Timeout" owner="SeleniumLibrary">
<arg>20s</arg>
<doc>Sets the timeout that is used by various keywords.</doc>
<status status="PASS" start="2024-03-07T15:38:15.669856" elapsed="0.003988"/>
</kw>
<kw name="Add Product To Cart">
<kw name="Click Element" owner="SeleniumLibrary">
<msg time="2024-03-07T15:38:15.675846" level="INFO">Clicking element 'css=a[data-product-id="2"]'.</msg>
<arg>css=a[data-product-id="2"]</arg>
<doc>Click the element identified by ``locator``.</doc>
<status status="PASS" start="2024-03-07T15:38:15.675846" elapsed="0.336893"/>
</kw>
<status status="PASS" start="2024-03-07T15:38:15.674849" elapsed="0.337890"/>
</kw>
<kw name="Scroll Page Up">
<kw name="Execute Javascript" owner="SeleniumLibrary">
<msg time="2024-03-07T15:38:16.019734" level="INFO">Executing JavaScript:
window.scrollTo(0, -document.body.scrollHeight)
Without any arguments.</msg>
<arg>window.scrollTo(0, -document.body.scrollHeight)</arg>
<doc>Executes the given JavaScript code with possible arguments.</doc>
<status status="PASS" start="2024-03-07T15:38:16.016738" elapsed="0.027003"/>
</kw>
<status status="PASS" start="2024-03-07T15:38:16.015739" elapsed="0.028002"/>
</kw>
<kw name="Maximize Browser Window" owner="SeleniumLibrary">
<doc>Maximizes current browser window.</doc>
<status status="PASS" start="2024-03-07T15:38:16.045746" elapsed="0.226853"/>
</kw>
<kw name="Click Continue Shopping Button">
<kw name="Wait Until Element Is Visible" owner="SeleniumLibrary">
<arg>${locator}</arg>
<doc>Waits until the element ``locator`` is visible.</doc>
<status status="PASS" start="2024-03-07T15:38:16.274628" elapsed="0.090959"/>
</kw>
<kw name="Click Element" owner="SeleniumLibrary">
<msg time="2024-03-07T15:38:16.366588" level="INFO">Clicking element 'xpath=//div[@class="modal-content"]//button[@class="btn btn-success close-modal btn-block"]'.</msg>
<arg>xpath=${locator}//button[@class="btn btn-success close-modal btn-block"]</arg>
<doc>Click the element identified by ``locator``.</doc>
<status status="PASS" start="2024-03-07T15:38:16.365587" elapsed="0.155303"/>
</kw>
<arg>//div[@class="modal-content"]</arg>
<status status="PASS" start="2024-03-07T15:38:16.273599" elapsed="0.247291"/>
</kw>
<kw name="Scroll Page Down">
<kw name="Execute Javascript" owner="SeleniumLibrary">
<msg time="2024-03-07T15:38:16.523880" level="INFO">Executing JavaScript:
window.scrollBy(0, 500)
Without any arguments.</msg>
<arg>window.scrollBy(0, 500)</arg>
<doc>Executes the given JavaScript code with possible arguments.</doc>
<status status="PASS" start="2024-03-07T15:38:16.522882" elapsed="0.019003"/>
</kw>
<status status="PASS" start="2024-03-07T15:38:16.522882" elapsed="0.020001"/>
</kw>
<kw name="Add Product To Cart">
<kw name="Click Element" owner="SeleniumLibrary">
<msg time="2024-03-07T15:38:16.544880" level="INFO">Clicking element 'css=a[data-product-id="2"]'.</msg>
<arg>css=a[data-product-id="2"]</arg>
<doc>Click the element identified by ``locator``.</doc>
<status status="PASS" start="2024-03-07T15:38:16.544880" elapsed="0.149622"/>
</kw>
<status status="PASS" start="2024-03-07T15:38:16.543881" elapsed="0.150621"/>
</kw>
<kw name="Click Cart Button">
<kw name="Click Element" owner="SeleniumLibrary">
<msg time="2024-03-07T15:38:16.697445" level="INFO">Clicking element 'xpath=//a[contains(text(),'Cart')]'.</msg>
<arg>xpath=//a[contains(text(),'Cart')]</arg>
<doc>Click the element identified by ``locator``.</doc>
<status status="PASS" start="2024-03-07T15:38:16.696448" elapsed="2.094453"/>
</kw>
<status status="PASS" start="2024-03-07T15:38:16.696448" elapsed="2.094453"/>
</kw>
<kw name="Click Element" owner="SeleniumLibrary">
<msg time="2024-03-07T15:38:18.792995" level="INFO">Clicking element 'css=#cart_items a.check_out'.</msg>
<arg>css=#cart_items a.check_out</arg>
<doc>Click the element identified by ``locator``.</doc>
<status status="PASS" start="2024-03-07T15:38:18.792995" elapsed="0.185711"/>
</kw>
<kw name="Verify Products In Cart">
<kw name="Get Text" owner="SeleniumLibrary">
<msg time="2024-03-07T15:38:19.048702" level="INFO">${price_text} = Rs. 400</msg>
<var>${price_text}</var>
<arg>css=td.cart_price p</arg>
<doc>Returns the text value of the element identified by ``locator``.</doc>
<status status="PASS" start="2024-03-07T15:38:18.979721" elapsed="0.068981"/>
</kw>
<kw name="Log" owner="BuiltIn">
<msg time="2024-03-07T15:38:19.048702" level="INFO">Rs. 400</msg>
<arg>${price_text}</arg>
<doc>Logs the given message with the given level.</doc>
<status status="PASS" start="2024-03-07T15:38:19.048702" elapsed="0.000000"/>
</kw>
<kw name="Should Be Equal As Strings" owner="BuiltIn">
<arg>${price_text}</arg>
<arg>Rs. 400</arg>
<doc>Fails if objects are unequal after converting them to strings.</doc>
<status status="PASS" start="2024-03-07T15:38:19.049778" elapsed="0.000000"/>
</kw>
<arg>//div[.//*[@id='do_action']]</arg>
<status status="PASS" start="2024-03-07T15:38:18.979721" elapsed="0.070057"/>
</kw>
<kw name="Verify Total Price Is Correct">
<kw name="Get Text" owner="SeleniumLibrary">
<msg time="2024-03-07T15:38:19.093695" level="INFO">${total_price_text} = Rs. 800</msg>
<var>${total_price_text}</var>
<arg>xpath=//p[@class='cart_total_price']</arg>
<doc>Returns the text value of the element identified by ``locator``.</doc>
<status status="PASS" start="2024-03-07T15:38:19.052698" elapsed="0.040997"/>
</kw>
<kw name="Log" owner="BuiltIn">
<msg time="2024-03-07T15:38:19.094782" level="INFO">Rs. 800</msg>
<arg>${total_price_text}</arg>
<doc>Logs the given message with the given level.</doc>
<status status="PASS" start="2024-03-07T15:38:19.094782" elapsed="0.000000"/>
</kw>
<kw name="Should Be Equal" owner="BuiltIn">
<arg>${total_price_text}</arg>
<arg>Rs. 800</arg>
<doc>Fails if the given objects are unequal.</doc>
<status status="PASS" start="2024-03-07T15:38:19.094782" elapsed="0.000000"/>
</kw>
<status status="PASS" start="2024-03-07T15:38:19.051739" elapsed="0.043043"/>
</kw>
<status status="PASS" start="2024-03-07T15:38:05.554882" elapsed="13.541815"/>
</test>
<status status="PASS" start="2024-03-07T15:38:05.447883" elapsed="13.649854"/>
</suite>
<statistics>
<total>
<stat pass="1" fail="0" skip="0">All Tests</stat>
</total>
<tag>
</tag>
<suite>
<stat pass="1" fail="0" skip="0" id="s1" name="Test">Test</stat>
</suite>
</statistics>
<errors>
</errors>
</robot>
